<?xml version="1.0" encoding="UTF-8" ?>
<testsuite tests="4" failures="0" name="com.guillen.gamarrapp.dao.TiendaDAOTest" time="0.464" errors="0" skipped="0">
  <properties>
[...]
</properties>
  <testcase classname="com.guillen.gamarrapp.dao.TiendaDAOTest" name="testCreateTienda" time="0.422"/>
  <testcase classname="com.guillen.gamarrapp.dao.TiendaDAOTest" name="testFindEmployeeById" time="0.013"/>
  <testcase classname="com.guillen.gamarrapp.dao.TiendaDAOTest" name="testFindAllTiendas" time="0.019"/>
  <testcase classname="com.guillen.gamarrapp.dao.TiendaDAOTest" name="testFindTiendaByName" time="0.01"/>
</testsuite>